<?xml version="1.0" encoding="UTF-8"?>
<testng-results skipped="0" failed="1" total="4" passed="3">
  <reporter-output>
  </reporter-output>
  <suite name="Default suite" duration-ms="88210" started-at="2016-04-13T12:32:11Z" finished-at="2016-04-13T12:33:39Z">
    <groups>
    </groups>
    <test name="Default test" duration-ms="88210" started-at="2016-04-13T12:32:11Z" finished-at="2016-04-13T12:33:39Z">
      <class name="com.carmudi.Tests.PricesTests">
        <test-method status="PASS" signature="initialize()[pri:0, instance:com.carmudi.Tests.PricesTests@179ece50]" name="initialize" is-config="true" duration-ms="11699" started-at="2016-04-13T14:32:11Z" finished-at="2016-04-13T14:32:22Z">
          <reporter-output>
          </reporter-output>
        </test-method> <!-- initialize -->
        <test-method status="PASS" signature="checkResultsForInvalidRangeOfPrices()[pri:0, instance:com.carmudi.Tests.PricesTests@179ece50]" name="checkResultsForInvalidRangeOfPrices" duration-ms="12570" started-at="2016-04-13T14:32:22Z" finished-at="2016-04-13T14:32:35Z">
          <reporter-output>
          </reporter-output>
        </test-method> <!-- checkResultsForInvalidRangeOfPrices -->
        <test-method status="PASS" signature="goToHomePage()[pri:0, instance:com.carmudi.Tests.PricesTests@179ece50]" name="goToHomePage" is-config="true" duration-ms="1869" started-at="2016-04-13T14:32:35Z" finished-at="2016-04-13T14:32:37Z">
          <reporter-output>
          </reporter-output>
        </test-method> <!-- goToHomePage -->
        <test-method status="PASS" signature="checkResultsForValidPricesWithNoMatches()[pri:0, instance:com.carmudi.Tests.PricesTests@179ece50]" name="checkResultsForValidPricesWithNoMatches" duration-ms="19337" started-at="2016-04-13T14:32:37Z" finished-at="2016-04-13T14:32:56Z">
          <reporter-output>
          </reporter-output>
        </test-method> <!-- checkResultsForValidPricesWithNoMatches -->
        <test-method status="PASS" signature="goToHomePage()[pri:0, instance:com.carmudi.Tests.PricesTests@179ece50]" name="goToHomePage" is-config="true" duration-ms="2793" started-at="2016-04-13T14:32:56Z" finished-at="2016-04-13T14:32:59Z">
          <reporter-output>
          </reporter-output>
        </test-method> <!-- goToHomePage -->
        <test-method status="PASS" signature="checkResultsForValidRangesOfPrices()[pri:0, instance:com.carmudi.Tests.PricesTests@179ece50]" name="checkResultsForValidRangesOfPrices" duration-ms="34222" started-at="2016-04-13T14:32:59Z" finished-at="2016-04-13T14:33:33Z">
          <reporter-output>
          </reporter-output>
        </test-method> <!-- checkResultsForValidRangesOfPrices -->
        <test-method status="PASS" signature="goToHomePage()[pri:0, instance:com.carmudi.Tests.PricesTests@179ece50]" name="goToHomePage" is-config="true" duration-ms="2572" started-at="2016-04-13T14:33:33Z" finished-at="2016-04-13T14:33:36Z">
          <reporter-output>
          </reporter-output>
        </test-method> <!-- goToHomePage -->
        <test-method status="FAIL" signature="checkTitleName()[pri:0, instance:com.carmudi.Tests.PricesTests@179ece50]" name="checkTitleName" duration-ms="190" started-at="2016-04-13T14:33:36Z" finished-at="2016-04-13T14:33:36Z">
          <exception class="java.lang.AssertionError">
            <message>
              <![CDATA[The title is not correct expected [Carmudi] but found [Vehicle for Sale Carmudi United Arab Emirates]]]>
            </message>
            <full-stacktrace>
              <![CDATA[java.lang.AssertionError: The title is not correct expected [Carmudi] but found [Vehicle for Sale Carmudi United Arab Emirates]
	at org.testng.Assert.fail(Assert.java:94)
	at org.testng.Assert.failNotEquals(Assert.java:496)
	at org.testng.Assert.assertEquals(Assert.java:125)
	at org.testng.Assert.assertEquals(Assert.java:178)
	at com.carmudi.Tests.PricesTests.checkTitleName(PricesTests.java:70)
	at sun.reflect.NativeMethodAccessorImpl.invoke0(Native Method)
	at sun.reflect.NativeMethodAccessorImpl.invoke(NativeMethodAccessorImpl.java:62)
	at sun.reflect.DelegatingMethodAccessorImpl.invoke(DelegatingMethodAccessorImpl.java:43)
	at java.lang.reflect.Method.invoke(Method.java:497)
	at org.testng.internal.MethodInvocationHelper.invokeMethod(MethodInvocationHelper.java:85)
	at org.testng.internal.Invoker.invokeMethod(Invoker.java:639)
	at org.testng.internal.Invoker.invokeTestMethod(Invoker.java:816)
	at org.testng.internal.Invoker.invokeTestMethods(Invoker.java:1124)
	at org.testng.internal.TestMethodWorker.invokeTestMethods(TestMethodWorker.java:125)
	at org.testng.internal.TestMethodWorker.run(TestMethodWorker.java:108)
	at org.testng.TestRunner.privateRun(TestRunner.java:774)
	at org.testng.TestRunner.run(TestRunner.java:624)
	at org.testng.SuiteRunner.runTest(SuiteRunner.java:359)
	at org.testng.SuiteRunner.runSequentially(SuiteRunner.java:354)
	at org.testng.SuiteRunner.privateRun(SuiteRunner.java:312)
	at org.testng.SuiteRunner.run(SuiteRunner.java:261)
	at org.testng.SuiteRunnerWorker.runSuite(SuiteRunnerWorker.java:52)
	at org.testng.SuiteRunnerWorker.run(SuiteRunnerWorker.java:86)
	at org.testng.TestNG.runSuitesSequentially(TestNG.java:1215)
	at org.testng.TestNG.runSuitesLocally(TestNG.java:1140)
	at org.testng.TestNG.run(TestNG.java:1048)
	at org.testng.remote.RemoteTestNG.run(RemoteTestNG.java:112)
	at org.testng.remote.RemoteTestNG.initAndRun(RemoteTestNG.java:205)
	at org.testng.remote.RemoteTestNG.main(RemoteTestNG.java:176)
]]>
            </full-stacktrace>
          </exception> <!-- java.lang.AssertionError -->
          <reporter-output>
          </reporter-output>
        </test-method> <!-- checkTitleName -->
        <test-method status="PASS" signature="goToHomePage()[pri:0, instance:com.carmudi.Tests.PricesTests@179ece50]" name="goToHomePage" is-config="true" duration-ms="1517" started-at="2016-04-13T14:33:36Z" finished-at="2016-04-13T14:33:37Z">
          <reporter-output>
          </reporter-output>
        </test-method> <!-- goToHomePage -->
        <test-method status="PASS" signature="tearDown()[pri:0, instance:com.carmudi.Tests.PricesTests@179ece50]" name="tearDown" is-config="true" duration-ms="1412" started-at="2016-04-13T14:33:37Z" finished-at="2016-04-13T14:33:39Z">
          <reporter-output>
          </reporter-output>
        </test-method> <!-- tearDown -->
      </class> <!-- com.carmudi.Tests.PricesTests -->
    </test> <!-- Default test -->
  </suite> <!-- Default suite -->
</testng-results>
